2025-05-12 11:33:44,619 [INFO] Activator:176 - 


2025-05-12 11:33:44,635 [INFO] Activator:177 - !SESSION log4j initialized
2025-05-12 11:33:45,569 [ERROR] LogOutputStream:75 - [STDERR_REDIRECT] [Fatal Error] :8:2: The content of elements must consist of well-formed character data or markup.
2025-05-12 11:33:45,569 [ERROR] LogOutputStream:75 - [STDERR_REDIRECT] 
2025-05-12 11:33:48,765 [ERROR] LogOutputStream:75 - [STDERR_REDIRECT] [Fatal Error] :8:2: The content of elements must consist of well-formed character data or markup.
2025-05-12 11:33:48,765 [ERROR] LogOutputStream:75 - [STDERR_REDIRECT] 
2025-05-12 11:33:52,050 [INFO] LogOutputStream:77 - [STDOUT_REDIRECT] 
2025-05-12 11:33:56,197 [INFO] ApplicationProperties:184 - Using Application install path: C:\ST\STM32CubeIDE_1.18.0\STM32CubeIDE\plugins\com.st.stm32cube.common.mx_6.14.0.202502271554
2025-05-12 11:33:56,262 [INFO] DbMcusXml:78 - Set database path to: C:\ST\STM32CubeIDE_1.18.0\STM32CubeIDE\plugins\com.st.stm32cube.common.mx_6.14.0.202502271554\\db\/mcu/
2025-05-12 11:33:56,263 [INFO] ApiDb:274 - Set plugin database path to: C:\ST\STM32CubeIDE_1.18.0\STM32CubeIDE\plugins\com.st.stm32cube.common.mx_6.14.0.202502271554\\db\/plugins/boardmanager/
2025-05-12 11:33:56,264 [WARN] ApiDb:259 - Overriding images path with different value:  => C:\ST\STM32CubeIDE_1.18.0\STM32CubeIDE\plugins\com.st.stm32cube.common.mx_6.14.0.202502271554\\db\/plugins/mcufinder/images/
2025-05-12 11:33:56,288 [INFO] ApiDb:250 - Set database path to: C:\Users\almgr\.stmcufinder\plugins\mcufinder//mcu/
2025-05-12 11:33:56,291 [INFO] DbMcusAds:125 - Set database path to: C:\Users\almgr\.stmcufinder\plugins\mcufinder//mcu/
2025-05-12 11:33:56,301 [INFO] CrossReferenceDbSqlite:203 - Set database path to: C:\Users\almgr\.stmcufinder\plugins\mcufinder//mcu/cs/
2025-05-12 11:33:56,681 [INFO] RulesReader:64 - Compatibility file has been processed (301 Rules)
2025-05-12 11:33:56,972 [INFO] DbMcusXml:78 - Set database path to: C:\ST\STM32CubeIDE_1.18.0\STM32CubeIDE\plugins\com.st.stm32cube.common.mx_6.14.0.202502271554\\db\/mcu/
2025-05-12 11:33:56,972 [INFO] ApiDb:274 - Set plugin database path to: C:\ST\STM32CubeIDE_1.18.0\STM32CubeIDE\plugins\com.st.stm32cube.common.mx_6.14.0.202502271554\\db\/plugins/boardmanager/
2025-05-12 11:33:56,973 [INFO] ApiDb:261 - Set plugin images path to: C:\ST\STM32CubeIDE_1.18.0\STM32CubeIDE\plugins\com.st.stm32cube.common.mx_6.14.0.202502271554\\db\/plugins/mcufinder/images/
2025-05-12 11:33:56,973 [WARN] DbFile:41 - Overriding database path with different value: C:\Users\almgr\.stmcufinder\plugins\mcufinder/ => C:\Users\almgr\.stmcufinder\plugins\mcufinder
2025-05-12 11:33:56,974 [INFO] ApiDb:250 - Set database path to: C:\Users\almgr\.stmcufinder\plugins\mcufinder//mcu/
2025-05-12 11:33:56,974 [WARN] DbFile:41 - Overriding database path with different value: C:\Users\almgr\.stmcufinder\plugins\mcufinder/ => C:\Users\almgr\.stmcufinder\plugins\mcufinder
2025-05-12 11:33:56,975 [INFO] DbMcusAds:125 - Set database path to: C:\Users\almgr\.stmcufinder\plugins\mcufinder//mcu/
2025-05-12 11:33:56,975 [WARN] DbFile:41 - Overriding database path with different value: C:\Users\almgr\.stmcufinder\plugins\mcufinder/ => C:\Users\almgr\.stmcufinder\plugins\mcufinder
2025-05-12 11:33:56,975 [WARN] DbFile:41 - Overriding database path with different value: C:\Users\almgr\.stmcufinder\plugins\mcufinder/ => C:\Users\almgr\.stmcufinder\plugins\mcufinder
2025-05-12 11:33:56,976 [INFO] CrossReferenceDbSqlite:203 - Set database path to: C:\Users\almgr\.stmcufinder\plugins\mcufinder//mcu/cs/
2025-05-12 11:33:57,212 [INFO] MainPanel:272 - HeapMemory: 268435456
2025-05-12 11:33:57,591 [INFO] DbMcusXml:78 - Set database path to: C:\ST\STM32CubeIDE_1.18.0\STM32CubeIDE\plugins\com.st.stm32cube.common.mx_6.14.0.202502271554\\db\/mcu/
2025-05-12 11:33:57,592 [INFO] ApiDb:274 - Set plugin database path to: C:\ST\STM32CubeIDE_1.18.0\STM32CubeIDE\plugins\com.st.stm32cube.common.mx_6.14.0.202502271554\\db\/plugins/boardmanager/
2025-05-12 11:33:57,592 [INFO] ApiDb:261 - Set plugin images path to: C:\ST\STM32CubeIDE_1.18.0\STM32CubeIDE\plugins\com.st.stm32cube.common.mx_6.14.0.202502271554\\db\/plugins/mcufinder/images/
2025-05-12 11:33:57,593 [WARN] DbFile:41 - Overriding database path with different value: C:\Users\almgr\.stmcufinder\plugins\mcufinder/ => C:\Users\almgr\.stmcufinder\plugins\mcufinder
2025-05-12 11:33:57,593 [INFO] ApiDb:250 - Set database path to: C:\Users\almgr\.stmcufinder\plugins\mcufinder//mcu/
2025-05-12 11:33:57,594 [WARN] DbFile:41 - Overriding database path with different value: C:\Users\almgr\.stmcufinder\plugins\mcufinder/ => C:\Users\almgr\.stmcufinder\plugins\mcufinder
2025-05-12 11:33:57,594 [INFO] DbMcusAds:125 - Set database path to: C:\Users\almgr\.stmcufinder\plugins\mcufinder//mcu/
2025-05-12 11:33:57,594 [WARN] DbFile:41 - Overriding database path with different value: C:\Users\almgr\.stmcufinder\plugins\mcufinder/ => C:\Users\almgr\.stmcufinder\plugins\mcufinder
2025-05-12 11:33:57,594 [WARN] DbFile:41 - Overriding database path with different value: C:\Users\almgr\.stmcufinder\plugins\mcufinder/ => C:\Users\almgr\.stmcufinder\plugins\mcufinder
2025-05-12 11:33:57,595 [INFO] CrossReferenceDbSqlite:203 - Set database path to: C:\Users\almgr\.stmcufinder\plugins\mcufinder//mcu/cs/
2025-05-12 11:33:57,644 [INFO] ApplicationProperties:184 - Using Application install path: C:\ST\STM32CubeIDE_1.18.0\STM32CubeIDE\plugins\com.st.stm32cube.common.mx_6.14.0.202502271554
2025-05-12 11:33:57,648 [INFO] PluginManage:196 - Search for loadable plugins [exclusion list=, ]
2025-05-12 11:33:57,652 [INFO] PluginManage:310 - Check plugin analytics
2025-05-12 11:33:58,193 [INFO] AnalyticsPlugin:253 - Accepted Software Licenses: 
2025-05-12 11:33:58,194 [INFO] AnalyticsPlugin:255 - Accepted CMSIS Pack Licenses: 
2025-05-12 11:33:58,195 [INFO] AnalyticsPlugin:257 - Accepted Firmware Licenses: FW.L4.1.18.0
2025-05-12 11:33:58,202 [INFO] PluginManage:359 - Loaded plugin analytics (category:tool,tabindex:-1)
2025-05-12 11:33:58,203 [INFO] PluginManage:310 - Check plugin cadmodel
2025-05-12 11:33:58,217 [INFO] CADModel:105 - Init CAD model plugin
2025-05-12 11:33:58,218 [INFO] PluginManage:359 - Loaded plugin cadmodel (category:power,tabindex:5)
2025-05-12 11:33:58,218 [INFO] PluginManage:310 - Check plugin clock
2025-05-12 11:33:58,249 [INFO] PluginManage:359 - Loaded plugin clock (category:base,tabindex:2)
2025-05-12 11:33:58,249 [INFO] PluginManage:310 - Check plugin ddr
2025-05-12 11:33:58,256 [INFO] PluginManage:359 - Loaded plugin ddr (category:tool,tabindex:6)
2025-05-12 11:33:58,256 [INFO] PluginManage:310 - Check plugin filemanager
2025-05-12 11:33:58,689 [INFO] PluginManage:359 - Loaded plugin filemanager (category:base,tabindex:10)
2025-05-12 11:33:58,689 [INFO] PluginManage:310 - Check plugin ipmanager
2025-05-12 11:33:58,729 [INFO] PluginManage:359 - Loaded plugin ipmanager (category:base,tabindex:5)
2025-05-12 11:33:58,730 [INFO] PluginManage:310 - Check plugin lpbam
2025-05-12 11:33:58,777 [INFO] PluginManage:359 - Loaded plugin lpbam (category:base,tabindex:0)
2025-05-12 11:33:58,778 [INFO] PluginManage:310 - Check plugin memorymap
2025-05-12 11:33:58,927 [INFO] PluginManage:359 - Loaded plugin memorymap (category:base,tabindex:4)
2025-05-12 11:33:58,928 [INFO] PluginManage:310 - Check plugin pinoutandconfiguration
2025-05-12 11:33:58,981 [INFO] PluginManage:359 - Loaded plugin pinoutandconfiguration (category:base,tabindex:1)
2025-05-12 11:33:58,982 [INFO] PluginManage:310 - Check plugin pinoutconfig
2025-05-12 11:33:59,263 [WARN] SupportedApi:132 - Cannot load RTOS API schema: s4s-elt-must-match.1: The content of 'definitions' must match (annotation?, (simpleType | complexType)?, (unique | key | keyref)*)). A problem was found starting at: attribute.
2025-05-12 11:33:59,739 [INFO] PluginManage:359 - Loaded plugin pinoutconfig (category:base,tabindex:0)
2025-05-12 11:33:59,739 [INFO] PluginManage:310 - Check plugin power
2025-05-12 11:33:59,765 [INFO] PluginManage:359 - Loaded plugin power (category:power,tabindex:4)
2025-05-12 11:33:59,765 [INFO] PluginManage:310 - Check plugin projectmanager
2025-05-12 11:33:59,804 [INFO] PluginManage:359 - Loaded plugin projectmanager (category:projectmanager,tabindex:4)
2025-05-12 11:33:59,804 [INFO] PluginManage:310 - Check plugin rif
2025-05-12 11:33:59,824 [INFO] PluginManage:359 - Loaded plugin rif (category:base,tabindex:3)
2025-05-12 11:33:59,824 [INFO] PluginManage:310 - Check plugin thirdparty
2025-05-12 11:34:00,211 [INFO] PluginManage:359 - Loaded plugin thirdparty (category:base,tabindex:-1)
2025-05-12 11:34:00,211 [WARN] IntegrityCheckThread:84 - waiting for thirdparty lock release [integrity check]
2025-05-12 11:34:00,212 [INFO] PluginManage:310 - Check plugin tools
2025-05-12 11:34:00,212 [INFO] IntegrityCheckThread:86 - entering critical section [integrity check]
2025-05-12 11:34:00,213 [INFO] ThirdPartyUpdaterWithRetryManager:70 - Updater plugin not ready yet. [1/15]
2025-05-12 11:34:00,219 [INFO] PluginManage:359 - Loaded plugin tools (category:base,tabindex:7)
2025-05-12 11:34:00,220 [INFO] PluginManage:310 - Check plugin tutovideos
2025-05-12 11:34:00,737 [INFO] PluginManage:359 - Loaded plugin tutovideos (category:base,tabindex:-1)
2025-05-12 11:34:00,738 [INFO] PluginManage:310 - Check plugin updater
2025-05-12 11:34:00,784 [INFO] PluginManage:359 - Loaded plugin updater (category:base,tabindex:12)
2025-05-12 11:34:00,785 [INFO] PluginManage:310 - Check plugin userauth
2025-05-12 11:34:00,796 [INFO] UserAuth:118 - Init User Auth plugin
2025-05-12 11:34:00,798 [INFO] PluginManage:359 - Loaded plugin userauth (category:base,tabindex:14)
2025-05-12 11:34:00,800 [INFO] PluginManage:283 - PluginManage : Loaded plugins [18]
2025-05-12 11:34:01,276 [INFO] PinOutPanel:1589 - setPackage(No Configuration,No Configuration)
2025-05-12 11:34:01,456 [INFO] CADModel:165 - CPN selected for project level
2025-05-12 11:34:01,456 [INFO] CADModel:114 - Register for checkConnection events
2025-05-12 11:34:01,496 [INFO] IPUIPlugin:80 - create IPUIPlugin
2025-05-12 11:34:01,497 [INFO] PluginManager:220 - loadIPPluginJar : add adc
2025-05-12 11:34:01,503 [INFO] IPUIPlugin:80 - create IPUIPlugin
2025-05-12 11:34:01,503 [INFO] PluginManager:220 - loadIPPluginJar : add aes
2025-05-12 11:34:01,509 [INFO] IPUIPlugin:80 - create IPUIPlugin
2025-05-12 11:34:01,510 [INFO] PluginManager:220 - loadIPPluginJar : add can
2025-05-12 11:34:01,518 [INFO] IPUIPlugin:80 - create IPUIPlugin
2025-05-12 11:34:01,519 [INFO] PluginManager:220 - loadIPPluginJar : add comp
2025-05-12 11:34:01,525 [INFO] IPUIPlugin:80 - create IPUIPlugin
2025-05-12 11:34:01,525 [INFO] PluginManager:220 - loadIPPluginJar : add cryp
2025-05-12 11:34:01,533 [INFO] IPUIPlugin:80 - create IPUIPlugin
2025-05-12 11:34:01,534 [INFO] PluginManager:220 - loadIPPluginJar : add ddr_ctrl_phy
2025-05-12 11:34:01,539 [INFO] IPUIPlugin:80 - create IPUIPlugin
2025-05-12 11:34:01,539 [INFO] PluginManager:220 - loadIPPluginJar : add dfsdm
2025-05-12 11:34:01,551 [INFO] IPUIPlugin:80 - create IPUIPlugin
2025-05-12 11:34:01,552 [INFO] PluginManager:220 - loadIPPluginJar : add dma
2025-05-12 11:34:01,559 [INFO] IPUIPlugin:80 - create IPUIPlugin
2025-05-12 11:34:01,560 [INFO] PluginManager:220 - loadIPPluginJar : add dma3
2025-05-12 11:34:01,567 [INFO] IPUIPlugin:80 - create IPUIPlugin
2025-05-12 11:34:01,567 [INFO] PluginManager:220 - loadIPPluginJar : add extmemmanager
2025-05-12 11:34:01,572 [INFO] IPUIPlugin:80 - create IPUIPlugin
2025-05-12 11:34:01,572 [INFO] PluginManager:220 - loadIPPluginJar : add fatfs
2025-05-12 11:34:01,582 [INFO] IPUIPlugin:80 - create IPUIPlugin
2025-05-12 11:34:01,583 [INFO] PluginManager:220 - loadIPPluginJar : add fmc
2025-05-12 11:34:01,594 [INFO] IPUIPlugin:80 - create IPUIPlugin
2025-05-12 11:34:01,595 [INFO] PluginManager:220 - loadIPPluginJar : add freertos
2025-05-12 11:34:01,599 [INFO] IPUIPlugin:80 - create IPUIPlugin
2025-05-12 11:34:01,599 [INFO] PluginManager:220 - loadIPPluginJar : add genericplugin
2025-05-12 11:34:01,605 [INFO] IPUIPlugin:80 - create IPUIPlugin
2025-05-12 11:34:01,605 [INFO] PluginManager:220 - loadIPPluginJar : add gfxmmu
2025-05-12 11:34:01,615 [INFO] IPUIPlugin:80 - create IPUIPlugin
2025-05-12 11:34:01,616 [INFO] PluginManager:220 - loadIPPluginJar : add gic
2025-05-12 11:34:01,624 [INFO] IPUIPlugin:80 - create IPUIPlugin
2025-05-12 11:34:01,624 [INFO] PluginManager:220 - loadIPPluginJar : add gpio
2025-05-12 11:34:01,631 [INFO] IPUIPlugin:80 - create IPUIPlugin
2025-05-12 11:34:01,632 [INFO] PluginManager:220 - loadIPPluginJar : add gtzc
2025-05-12 11:34:01,637 [INFO] IPUIPlugin:80 - create IPUIPlugin
2025-05-12 11:34:01,638 [INFO] PluginManager:220 - loadIPPluginJar : add hash
2025-05-12 11:34:01,644 [INFO] IPUIPlugin:80 - create IPUIPlugin
2025-05-12 11:34:01,644 [INFO] PluginManager:220 - loadIPPluginJar : add i2c
2025-05-12 11:34:01,649 [INFO] IPUIPlugin:80 - create IPUIPlugin
2025-05-12 11:34:01,650 [INFO] PluginManager:220 - loadIPPluginJar : add i2s
2025-05-12 11:34:01,656 [INFO] IPUIPlugin:80 - create IPUIPlugin
2025-05-12 11:34:01,657 [INFO] PluginManager:220 - loadIPPluginJar : add i3c
2025-05-12 11:34:01,664 [INFO] IPUIPlugin:80 - create IPUIPlugin
2025-05-12 11:34:01,665 [INFO] PluginManager:220 - loadIPPluginJar : add ipddr
2025-05-12 11:34:01,679 [INFO] IPUIPlugin:80 - create IPUIPlugin
2025-05-12 11:34:01,679 [INFO] PluginManager:220 - loadIPPluginJar : add linkedlist
2025-05-12 11:34:01,689 [INFO] IPUIPlugin:80 - create IPUIPlugin
2025-05-12 11:34:01,689 [INFO] PluginManager:220 - loadIPPluginJar : add lorawan
2025-05-12 11:34:01,693 [INFO] IPUIPlugin:80 - create IPUIPlugin
2025-05-12 11:34:01,694 [INFO] PluginManager:220 - loadIPPluginJar : add ltdc
2025-05-12 11:34:01,705 [INFO] IPUIPlugin:80 - create IPUIPlugin
2025-05-12 11:34:01,706 [INFO] PluginManager:220 - loadIPPluginJar : add mdma
2025-05-12 11:34:01,715 [INFO] IPUIPlugin:80 - create IPUIPlugin
2025-05-12 11:34:01,715 [INFO] PluginManager:220 - loadIPPluginJar : add nvic
2025-05-12 11:34:01,723 [INFO] IPUIPlugin:80 - create IPUIPlugin
2025-05-12 11:34:01,723 [INFO] PluginManager:220 - loadIPPluginJar : add opamp
2025-05-12 11:34:01,731 [INFO] IPUIPlugin:80 - create IPUIPlugin
2025-05-12 11:34:01,731 [INFO] PluginManager:220 - loadIPPluginJar : add openamp
2025-05-12 11:34:01,739 [INFO] IPUIPlugin:80 - create IPUIPlugin
2025-05-12 11:34:01,739 [INFO] PluginManager:220 - loadIPPluginJar : add pdm2pcm
2025-05-12 11:34:01,752 [INFO] IPUIPlugin:80 - create IPUIPlugin
2025-05-12 11:34:01,759 [INFO] PluginManager:220 - loadIPPluginJar : add plateformsettings
2025-05-12 11:34:01,763 [INFO] IPUIPlugin:80 - create IPUIPlugin
2025-05-12 11:34:01,763 [INFO] PluginManager:220 - loadIPPluginJar : add quadspi
2025-05-12 11:34:01,767 [INFO] IPUIPlugin:80 - create IPUIPlugin
2025-05-12 11:34:01,768 [INFO] PluginManager:220 - loadIPPluginJar : add radio
2025-05-12 11:34:01,776 [INFO] IPUIPlugin:80 - create IPUIPlugin
2025-05-12 11:34:01,777 [INFO] PluginManager:220 - loadIPPluginJar : add resmgrutility
2025-05-12 11:34:01,783 [INFO] IPUIPlugin:80 - create IPUIPlugin
2025-05-12 11:34:01,783 [INFO] PluginManager:220 - loadIPPluginJar : add sai
2025-05-12 11:34:01,790 [INFO] IPUIPlugin:80 - create IPUIPlugin
2025-05-12 11:34:01,790 [INFO] PluginManager:220 - loadIPPluginJar : add spi
2025-05-12 11:34:01,803 [INFO] IPUIPlugin:80 - create IPUIPlugin
2025-05-12 11:34:01,804 [INFO] PluginManager:220 - loadIPPluginJar : add stm32_wpan
2025-05-12 11:34:01,810 [INFO] IPUIPlugin:80 - create IPUIPlugin
2025-05-12 11:34:01,811 [INFO] PluginManager:220 - loadIPPluginJar : add tim
2025-05-12 11:34:01,818 [INFO] IPUIPlugin:80 - create IPUIPlugin
2025-05-12 11:34:01,819 [INFO] PluginManager:220 - loadIPPluginJar : add touchsensing
2025-05-12 11:34:01,824 [INFO] IPUIPlugin:80 - create IPUIPlugin
2025-05-12 11:34:01,824 [INFO] PluginManager:220 - loadIPPluginJar : add tracer_emb
2025-05-12 11:34:01,830 [INFO] IPUIPlugin:80 - create IPUIPlugin
2025-05-12 11:34:01,830 [INFO] PluginManager:220 - loadIPPluginJar : add ts
2025-05-12 11:34:01,837 [INFO] IPUIPlugin:80 - create IPUIPlugin
2025-05-12 11:34:01,837 [INFO] PluginManager:220 - loadIPPluginJar : add tsc
2025-05-12 11:34:01,841 [INFO] IPUIPlugin:80 - create IPUIPlugin
2025-05-12 11:34:01,842 [INFO] PluginManager:220 - loadIPPluginJar : add ucpd
2025-05-12 11:34:01,848 [INFO] IPUIPlugin:80 - create IPUIPlugin
2025-05-12 11:34:01,848 [INFO] PluginManager:220 - loadIPPluginJar : add usart
2025-05-12 11:34:01,855 [INFO] IPUIPlugin:80 - create IPUIPlugin
2025-05-12 11:34:01,855 [INFO] PluginManager:220 - loadIPPluginJar : add usbx
2025-05-12 11:34:02,059 [FATAL] Updater:351 - Updater called before beeing initialized
2025-05-12 11:34:02,125 [INFO] RulesReader:64 - Compatibility file has been processed (301 Rules)
2025-05-12 11:34:02,157 [INFO] RulesReader:64 - Compatibility file has been processed (301 Rules)
2025-05-12 11:34:02,175 [INFO] CADModel:165 - CPN selected for project level
2025-05-12 11:34:02,175 [INFO] CADModel:114 - Register for checkConnection events
2025-05-12 11:34:02,175 [FATAL] Updater:351 - Updater called before beeing initialized
2025-05-12 11:34:02,176 [ERROR] CADModel:125 - Updater not yet initialized, retry later 
2025-05-12 11:34:02,519 [FATAL] Updater:351 - Updater called before beeing initialized
2025-05-12 11:34:02,523 [INFO] CADModel:165 - CPN selected for project level
2025-05-12 11:34:02,524 [INFO] CADModel:114 - Register for checkConnection events
2025-05-12 11:34:02,524 [FATAL] Updater:351 - Updater called before beeing initialized
2025-05-12 11:34:02,524 [ERROR] CADModel:125 - Updater not yet initialized, retry later 
2025-05-12 11:34:02,529 [FATAL] Updater:351 - Updater called before beeing initialized
2025-05-12 11:34:02,816 [FATAL] Updater:351 - Updater called before beeing initialized
2025-05-12 11:34:02,827 [INFO] DbMcusAds:53 - JSON generation date=Thu Mar 06 15:54:22 CET 2025 (1741272862204)
2025-05-12 11:34:02,827 [FATAL] Updater:351 - Updater called before beeing initialized
2025-05-12 11:34:02,913 [WARN] DetailPanel:346 - Failed to get advertising image, set to default
2025-05-12 11:34:03,215 [INFO] ThirdPartyUpdaterWithRetryManager:70 - Updater plugin not ready yet. [2/15]
2025-05-12 11:34:03,408 [FATAL] Updater:351 - Updater called before beeing initialized
2025-05-12 11:34:03,411 [FATAL] Updater:351 - Updater called before beeing initialized
2025-05-12 11:34:03,411 [FATAL] Updater:351 - Updater called before beeing initialized
2025-05-12 11:34:03,411 [WARN] DetailPanel:346 - Failed to get advertising image, set to default
2025-05-12 11:34:03,412 [FATAL] Updater:351 - Updater called before beeing initialized
2025-05-12 11:34:03,511 [ERROR] Updater:1198 - MainUpdater not yet initialized. External WinMGr cannot be set.
2025-05-12 11:34:03,513 [INFO] Updater:1134 - Updater Version found : 6.14.0
2025-05-12 11:34:03,550 [INFO] ApplicationProperties:184 - Using Application install path: C:\ST\STM32CubeIDE_1.18.0\STM32CubeIDE\plugins\com.st.stm32cube.common.mx_6.14.0.202502271554
2025-05-12 11:34:05,153 [ERROR] LogOutputStream:75 - [STDERR_REDIRECT] May 12, 2025 11:34:05 AM java.util.prefs.WindowsPreferences <init>
2025-05-12 11:34:05,159 [ERROR] LogOutputStream:75 - [STDERR_REDIRECT] WARNING: Could not open/create prefs root node Software\JavaSoft\Prefs at root 0xffffffff80000002. Windows RegCreateKeyEx(...) returned error code 5.
2025-05-12 11:34:05,160 [ERROR] LogOutputStream:75 - [STDERR_REDIRECT] 
2025-05-12 11:34:05,896 [INFO] MainUpdater:2872 - connection check result : 10
2025-05-12 11:34:05,897 [INFO] MainUpdater:3566 - Updater definition file requires update
2025-05-12 11:34:05,900 [INFO] MainUpdater:289 - Updater Check For Update Now.
2025-05-12 11:34:05,901 [INFO] MicroXplorer:498 - Change Database Version : DB.6.0.140
2025-05-12 11:34:05,918 [INFO] McuFinderGlobals:63 - Set McuFinder mode to 2 (CubeIDE integrated)
2025-05-12 11:34:05,918 [INFO] UserAuth:171 - activating auth plugin
2025-05-12 11:34:05,929 [INFO] UserAuth:486 - Internet connection configuration mode: 1
2025-05-12 11:34:05,964 [INFO] ServerAccessManage:473 - Download File updaters.zip
2025-05-12 11:34:06,003 [INFO] JxBrowserEngine:152 - Initiate JxBrowser Engine with user profile folder
2025-05-12 11:34:06,128 [INFO] FileExtend:242 - Unzip File : updaters.zip
2025-05-12 11:34:06,129 [INFO] FileExtend:257 - Standard Zip Deflate
2025-05-12 11:34:06,225 [WARN] MainUpdater:1193 - Updater busy. Cannot search thirdparties
2025-05-12 11:34:06,226 [INFO] ThirdPartyUpdaterWithRetryManager:96 - Updater plugin is busy. [1/15]
2025-05-12 11:34:07,179 [INFO] ServerAccessManage:473 - Download File PacksControlFlags.xml
2025-05-12 11:34:07,294 [INFO] ServerAccessManage:473 - Download File cubemx.pidx
2025-05-12 11:34:08,701 [INFO] ServerAccessManage:473 - Download File STMicroelectronics.X-CUBE-FREERTOS.pdsc
2025-05-12 11:34:09,227 [WARN] MainUpdater:1193 - Updater busy. Cannot search thirdparties
2025-05-12 11:34:09,228 [INFO] ThirdPartyUpdaterWithRetryManager:96 - Updater plugin is busy. [2/15]
2025-05-12 11:34:09,911 [INFO] WebApp:169 - Instantiating new browser for Auth
2025-05-12 11:34:10,787 [WARN] PackLoader:240 - Cannot read IP mode file for STMicroelectronics.X-CUBE-FREERTOS.1.3.1
2025-05-12 11:34:10,795 [INFO] PopulateThirdPartyThread:66 - Ending populate Thread
2025-05-12 11:34:10,798 [INFO] ThirdParty:1030 - CMSIS Pack Vendor :STMicroelectronics X-CUBE-FREERTOS 1.3.1
2025-05-12 11:34:10,799 [INFO] LoadServerUpdatesThread:375 - End of LoadServerUpdate Thread
2025-05-12 11:34:10,926 [INFO] CheckServerUpdateThread:120 - End of CheckServer Thread
2025-05-12 11:34:11,921 [INFO] WebApp:463 - Apply proxy settings
2025-05-12 11:34:11,922 [INFO] WebApp:548 - Chromium requires no authentication
2025-05-12 11:34:11,940 [INFO] WebApp:491 - Direct internet connection detected
2025-05-12 11:34:12,001 [INFO] WebApp:894 - Register for checkConnection events
2025-05-12 11:34:12,002 [INFO] WebApp:463 - Apply proxy settings
2025-05-12 11:34:12,002 [INFO] WebApp:548 - Chromium requires no authentication
2025-05-12 11:34:12,003 [INFO] WebApp:491 - Direct internet connection detected
2025-05-12 11:34:12,170 [INFO] WebApp:191 - Connection restablished
2025-05-12 11:34:12,697 [INFO] WebApp:225 - Starting web application
2025-05-12 11:34:12,698 [INFO] WebApp:593 - Web application path used C:\ST\STM32CubeIDE_1.18.0\STM32CubeIDE\plugins\com.st.stm32cube.common.mx_6.14.0.202502271554\db\plugins\mcufinder\reactClient1\index.html
2025-05-12 11:34:12,869 [WARN] PackLoader:240 - Cannot read IP mode file for STMicroelectronics.FP-SNS-MOTENVWB1.1.4.0
2025-05-12 11:34:12,902 [WARN] PackLoader:240 - Cannot read IP mode file for STMicroelectronics.FP-ATR-ASTRA1.2.0.2
2025-05-12 11:34:12,920 [WARN] PackLoader:240 - Cannot read IP mode file for STMicroelectronics.X-CUBE-SMBUS.2.1.0
2025-05-12 11:34:12,955 [WARN] PackLoader:240 - Cannot read IP mode file for STMicroelectronics.X-CUBE-WB05N.1.1.0
2025-05-12 11:34:13,032 [WARN] PackLoader:240 - Cannot read IP mode file for STMicroelectronics.X-CUBE-AZRTOS-F7.1.1.0
2025-05-12 11:34:13,109 [WARN] PackLoader:240 - Cannot read IP mode file for Infineon.AIROC-Wi-Fi-Bluetooth-STM32.1.7.0
2025-05-12 11:34:13,143 [WARN] PackLoader:240 - Cannot read IP mode file for STMicroelectronics.X-CUBE-DISPLAY.3.0.0
2025-05-12 11:34:13,169 [WARN] PackLoader:240 - Cannot read IP mode file for STMicroelectronics.X-CUBE-NFC10.1.0.0
2025-05-12 11:34:13,207 [WARN] PackLoader:240 - Cannot read IP mode file for STMicroelectronics.X-CUBE-BLEMGR.4.0.0
2025-05-12 11:34:13,233 [WARN] PackLoader:240 - Cannot read IP mode file for emotas.I-CUBE-CANOPEN.1.3.0
2025-05-12 11:34:13,247 [WARN] ConditionMgr:438 - getConditionDescription Invalid condition id : Cortex-A Device cause : null
2025-05-12 11:34:13,277 [WARN] ConditionMgr:1044 - genDependencies : Invalid condition id : Cortex-A Device cause : null
2025-05-12 11:34:13,278 [WARN] ConditionMgr:1044 - genDependencies : Invalid condition id : Cortex-A Device cause : null
2025-05-12 11:34:13,279 [WARN] ConditionMgr:1044 - genDependencies : Invalid condition id : Cortex-A Device cause : null
2025-05-12 11:34:13,308 [WARN] PackLoader:240 - Cannot read IP mode file for STMicroelectronics.X-CUBE-AI.10.0.0
2025-05-12 11:34:13,325 [WARN] PackLoader:240 - Cannot read IP mode file for STMicroelectronics.FP-SNS-SMARTAG2.1.2.0
2025-05-12 11:34:13,340 [WARN] PackLoader:240 - Cannot read IP mode file for STMicroelectronics.FP-SNS-FLIGHT1.5.1.0
2025-05-12 11:34:13,464 [WARN] PackLoader:240 - Cannot read IP mode file for STMicroelectronics.X-CUBE-MEMS1.11.1.0
2025-05-12 11:34:13,737 [INFO] LogOutputStream:77 - [STDOUT_REDIRECT] 1 : Invalid condition id : UX_CORESTACK_Condition cause : null
2025-05-12 11:34:13,738 [INFO] LogOutputStream:77 - [STDOUT_REDIRECT] 1 : Invalid condition id : UX_CORESTACK_Condition cause : null
2025-05-12 11:34:13,740 [INFO] LogOutputStream:77 - [STDOUT_REDIRECT] 1 : Invalid condition id : UX_CORESTACK_Condition cause : null
2025-05-12 11:34:13,741 [INFO] LogOutputStream:77 - [STDOUT_REDIRECT] 1 : Invalid condition id : UX_CORESTACK_Condition cause : null
2025-05-12 11:34:13,744 [INFO] LogOutputStream:77 - [STDOUT_REDIRECT] 1 : Invalid condition id : UX_CORESTACK_Condition cause : null
2025-05-12 11:34:13,749 [WARN] PackLoader:240 - Cannot read IP mode file for STMicroelectronics.X-CUBE-AZRTOS-WL.2.0.0
2025-05-12 11:34:13,759 [WARN] PackLoader:240 - Cannot read IP mode file for STMicroelectronics.FP-SNS-MOTENV1.5.0.0
2025-05-12 11:34:13,773 [WARN] PackLoader:240 - Cannot read IP mode file for WES.I-CUBE-Cesium.1.3.0
2025-05-12 11:34:13,781 [WARN] PackLoader:240 - Cannot read IP mode file for STMicroelectronics.X-CUBE-BLE2.3.3.0
2025-05-12 11:34:13,792 [WARN] PackLoader:240 - Cannot read IP mode file for STMicroelectronics.X-CUBE-NFC9.1.0.0
2025-05-12 11:34:13,805 [WARN] PackLoader:240 - Cannot read IP mode file for STMicroelectronics.X-CUBE-BLE1.7.1.0
2025-05-12 11:34:13,816 [WARN] PackLoader:240 - Cannot read IP mode file for wolfSSL.I-CUBE-wolfMQTT.1.19.2
2025-05-12 11:34:13,902 [WARN] PackLoader:240 - Cannot read IP mode file for STMicroelectronics.X-CUBE-MEMS1.11.2.0
2025-05-12 11:34:14,176 [WARN] PackLoader:240 - Cannot read IP mode file for STMicroelectronics.X-CUBE-AZRTOS-G0.1.1.0
2025-05-12 11:34:14,191 [WARN] PackLoader:240 - Cannot read IP mode file for STMicroelectronics.X-CUBE-SAFEA1.1.2.2
2025-05-12 11:34:14,201 [WARN] PackLoader:240 - Cannot read IP mode file for STMicroelectronics.X-CUBE-NFC4.3.0.0
2025-05-12 11:34:14,217 [WARN] PackLoader:240 - Cannot read IP mode file for EmbeddedOffice.I-CUBE-FS-RTOS.1.0.1
2025-05-12 11:34:14,226 [WARN] PackLoader:240 - Cannot read IP mode file for STMicroelectronics.X-CUBE-WB05N.2.0.0
2025-05-12 11:34:14,235 [WARN] PackLoader:240 - Cannot read IP mode file for wolfSSL.I-CUBE-wolfTPM.3.8.0
2025-05-12 11:34:14,244 [WARN] PackLoader:240 - Cannot read IP mode file for STMicroelectronics.X-CUBE-TCPP.4.2.0
2025-05-12 11:34:14,255 [WARN] PackLoader:240 - Cannot read IP mode file for RealThread.X-CUBE-RT-Thread_Nano.4.1.1
2025-05-12 11:34:14,263 [WARN] PackLoader:240 - Cannot read IP mode file for STMicroelectronics.FP-ATR-SIGFOX1.3.2.0
2025-05-12 11:34:14,274 [WARN] PackLoader:240 - Cannot read IP mode file for STMicroelectronics.X-CUBE-EEPRMA1.5.1.0
2025-05-12 11:34:14,283 [WARN] PackLoader:240 - Cannot read IP mode file for wolfSSL.I-CUBE-wolfSSL.5.7.6
2025-05-12 11:34:14,295 [WARN] PackLoader:240 - Cannot read IP mode file for ITTIA_DB.I-CUBE-ITTIADB.8.9.0
2025-05-12 11:34:14,343 [WARN] PackLoader:240 - Cannot read IP mode file for SEGGER.I-CUBE-embOS.1.3.1
2025-05-12 11:34:14,414 [WARN] PackLoader:240 - Cannot read IP mode file for STMicroelectronics.X-CUBE-ALGOBUILD.1.4.0
2025-05-12 11:34:14,439 [WARN] PackLoader:240 - Cannot read IP mode file for STMicroelectronics.X-CUBE-AZRTOS-F4.1.1.0
2025-05-12 11:34:14,451 [WARN] PackLoader:240 - Cannot read IP mode file for Avnet-IotConnect.X-CUBE-IoTC-DA16k-PMOD.1.0.0
2025-05-12 11:34:14,458 [WARN] PackLoader:240 - Cannot read IP mode file for STMicroelectronics.X-CUBE-ISPU.2.1.0
2025-05-12 11:34:14,485 [WARN] PackLoader:240 - Cannot read IP mode file for STMicroelectronics.X-CUBE-AZRTOS-L5.2.0.0
2025-05-12 11:34:14,501 [WARN] PackLoader:240 - Cannot read IP mode file for STMicroelectronics.X-CUBE-NFC6.3.1.0
2025-05-12 11:34:14,514 [WARN] PackLoader:240 - Cannot read IP mode file for STMicroelectronics.X-CUBE-FREERTOS.1.3.1
2025-05-12 11:34:14,520 [WARN] PackLoader:240 - Cannot read IP mode file for STMicroelectronics.X-CUBE-FREERTOS.1.3.0
2025-05-12 11:34:14,530 [WARN] PackLoader:240 - Cannot read IP mode file for STMicroelectronics.X-CUBE-NFC7.1.0.1
2025-05-12 11:34:14,541 [WARN] PackLoader:240 - Cannot read IP mode file for STMicroelectronics.X-CUBE-DPower.1.3.0
2025-05-12 11:34:14,577 [WARN] ConditionMgr:438 - getConditionDescription Invalid condition id : LAN8742 Phy interface Condition cause : null
2025-05-12 11:34:14,578 [WARN] PackLoader:240 - Cannot read IP mode file for STMicroelectronics.X-CUBE-AZRTOS-L4.2.0.0
2025-05-12 11:34:14,580 [WARN] ConditionMgr:1044 - genDependencies : Invalid condition id : LAN8742 Phy interface Condition cause : null
2025-05-12 11:34:14,581 [WARN] ConditionMgr:1044 - genDependencies : Invalid condition id : LAN8742 Phy interface Condition cause : null
2025-05-12 11:34:14,583 [WARN] ConditionMgr:1044 - genDependencies : Invalid condition id : LAN8742 Phy interface Condition cause : null
2025-05-12 11:34:14,596 [WARN] PackLoader:240 - Cannot read IP mode file for STMicroelectronics.X-CUBE-SFXS2LP1.4.0.0
2025-05-12 11:34:14,670 [WARN] PackLoader:240 - Cannot read IP mode file for STMicroelectronics.X-CUBE-AZRTOS-H7.3.3.0
2025-05-12 11:34:14,700 [WARN] ConditionMgr:438 - getConditionDescription Invalid condition id : UX DEVICE CLASS RTOS Condition cause : null
2025-05-12 11:34:14,701 [WARN] ConditionMgr:438 - getConditionDescription Invalid condition id : UX DEVICE CLASS RTOS Condition cause : null
2025-05-12 11:34:14,705 [WARN] PackLoader:240 - Cannot read IP mode file for STMicroelectronics.X-CUBE-AZRTOS-WB.2.0.0
2025-05-12 11:34:14,706 [WARN] ConditionMgr:1044 - genDependencies : Invalid condition id : UX DEVICE CLASS RTOS Condition cause : null
2025-05-12 11:34:14,707 [WARN] ConditionMgr:1044 - genDependencies : Invalid condition id : UX DEVICE CLASS RTOS Condition cause : null
2025-05-12 11:34:14,708 [WARN] ConditionMgr:1044 - genDependencies : Invalid condition id : UX DEVICE CLASS RTOS Condition cause : null
2025-05-12 11:34:14,708 [WARN] ConditionMgr:1044 - genDependencies : Invalid condition id : UX DEVICE CLASS RTOS Condition cause : null
2025-05-12 11:34:14,709 [WARN] ConditionMgr:1044 - genDependencies : Invalid condition id : UX DEVICE CLASS RTOS Condition cause : null
2025-05-12 11:34:14,720 [WARN] PackLoader:240 - Cannot read IP mode file for STMicroelectronics.X-CUBE-GNSS1.7.0.1
2025-05-12 11:34:14,733 [WARN] PackLoader:240 - Cannot read IP mode file for STMicroelectronics.X-CUBE-TOUCHGFX.4.25.0
2025-05-12 11:34:14,749 [WARN] PackLoader:240 - Cannot read IP mode file for STMicroelectronics.FP-SNS-STBOX1.2.0.0
2025-05-12 11:34:14,779 [WARN] PackLoader:240 - Cannot read IP mode file for STMicroelectronics.X-CUBE-SUBG2.5.0.0
2025-05-12 11:34:14,848 [WARN] PackLoader:240 - Cannot read IP mode file for STMicroelectronics.X-CUBE-AZRTOS-H7RS.1.1.0
2025-05-12 11:34:14,864 [WARN] PackLoader:240 - Cannot read IP mode file for Cesanta.I-CUBE-Mongoose.7.13.0
2025-05-12 11:34:14,888 [WARN] PackLoader:240 - Cannot read IP mode file for STMicroelectronics.X-CUBE-AZRTOS-G4.2.0.0
2025-05-12 11:34:14,902 [WARN] PackLoader:240 - Cannot read IP mode file for wolfSSL.I-CUBE-wolfSSH.1.4.20
2025-05-12 11:34:14,910 [WARN] PackLoader:240 - Cannot read IP mode file for STMicroelectronics.X-CUBE-NFC7.2.0.0
2025-05-12 11:34:14,938 [WARN] PackLoader:240 - Cannot read IP mode file for STMicroelectronics.X-CUBE-IPS.3.1.0
2025-05-12 11:34:14,955 [WARN] PackLoader:240 - Cannot read IP mode file for STMicroelectronics.X-CUBE-ALS.1.0.2
2025-05-12 11:34:14,967 [WARN] PackLoader:240 - Cannot read IP mode file for portGmbH.I-Cube-SoM-uGOAL.1.1.0
2025-05-12 11:34:14,984 [WARN] PackLoader:240 - Cannot read IP mode file for STMicroelectronics.X-CUBE-TOF1.3.4.2
2025-05-12 11:34:15,016 [WARN] PackLoader:240 - Cannot read IP mode file for STMicroelectronics.X-CUBE-TOF1.3.4.3
2025-05-12 11:34:15,037 [INFO] ThirdParty:978 - Integrity check success = true
2025-05-12 11:34:15,037 [INFO] IntegrityCheckThread:100 - exiting critical section [integrity check]
2025-05-12 11:34:15,037 [INFO] IntegrityCheckThread:103 - End integrity checks thread
