17:36:40 **** Incremental Build of configuration Debug for project lab6_elektriska ****
make -j12 all 
arm-none-eabi-gcc "../Core/Src/main.c" -mcpu=cortex-m4 -std=gnu11 -g3 -DDEBUG -DUSE_HAL_DRIVER -DSTM32L433xx -c -I../Core/Inc -I../Drivers/STM32L4xx_HAL_Driver/Inc -I../Drivers/STM32L4xx_HAL_Driver/Inc/Legacy -I../Drivers/CMSIS/Device/ST/STM32L4xx/Include -I../Drivers/CMSIS/Include -O0 -ffunction-sections -fdata-sections -Wall -fstack-usage -fcyclomatic-complexity -MMD -MP -MF"Core/Src/main.d" -MT"Core/Src/main.o" --specs=nano.specs -mfpu=fpv4-sp-d16 -mfloat-abi=hard -mthumb -o "Core/Src/main.o"
arm-none-eabi-gcc -o "lab6_elektriska.elf" @"objects.list"   -mcpu=cortex-m4 -T"C:\Users\almgr\Documents\GitHub\Enchipsdatorer_VT2025\lab6_elektriska\STM32L433RCTXP_FLASH.ld" --specs=nosys.specs -Wl,-Map="lab6_elektriska.map" -Wl,--gc-sections -static --specs=nano.specs -mfpu=fpv4-sp-d16 -mfloat-abi=hard -mthumb -Wl,--start-group -lc -lm -Wl,--end-group
Finished building target: lab6_elektriska.elf
 
arm-none-eabi-size  lab6_elektriska.elf 
arm-none-eabi-objdump -h -S lab6_elektriska.elf  > "lab6_elektriska.list"
   text	   data	    bss	    dec	    hex	filename
  25072	     92	   2220	  27384	   6af8	lab6_elektriska.elf
Finished building: default.size.stdout
 
Finished building: lab6_elektriska.list
 
17:37:04 **** Incremental Build of configuration Debug for project lab6_elektriska ****
make -j12 all 
arm-none-eabi-size  lab6_elektriska.elf 
   text	   data	    bss	    dec	    hex	filename
  25072	     92	   2220	  27384	   6af8	lab6_elektriska.elf
Finished building: default.size.stdout
 
17:37:41 **** Incremental Build of configuration Debug for project lab6_elektriska ****
make -j12 all 
arm-none-eabi-size  lab6_elektriska.elf 
   text	   data	    bss	    dec	    hex	filename
  25072	     92	   2220	  27384	   6af8	lab6_elektriska.elf
Finished building: default.size.stdout
 
17:42:44 **** Incremental Build of configuration Debug for project lab6_elektriska ****
make -j12 all 
arm-none-eabi-gcc "../Core/Src/main.c" -mcpu=cortex-m4 -std=gnu11 -g3 -DDEBUG -DUSE_HAL_DRIVER -DSTM32L433xx -c -I../Core/Inc -I../Drivers/STM32L4xx_HAL_Driver/Inc -I../Drivers/STM32L4xx_HAL_Driver/Inc/Legacy -I../Drivers/CMSIS/Device/ST/STM32L4xx/Include -I../Drivers/CMSIS/Include -O0 -ffunction-sections -fdata-sections -Wall -fstack-usage -fcyclomatic-complexity -MMD -MP -MF"Core/Src/main.d" -MT"Core/Src/main.o" --specs=nano.specs -mfpu=fpv4-sp-d16 -mfloat-abi=hard -mthumb -o "Core/Src/main.o"
arm-none-eabi-gcc -o "lab6_elektriska.elf" @"objects.list"   -mcpu=cortex-m4 -T"C:\Users\almgr\Documents\GitHub\Enchipsdatorer_VT2025\lab6_elektriska\STM32L433RCTXP_FLASH.ld" --specs=nosys.specs -Wl,-Map="lab6_elektriska.map" -Wl,--gc-sections -static --specs=nano.specs -mfpu=fpv4-sp-d16 -mfloat-abi=hard -mthumb -Wl,--start-group -lc -lm -Wl,--end-group
Finished building target: lab6_elektriska.elf
 
arm-none-eabi-size  lab6_elektriska.elf 
arm-none-eabi-objdump -h -S lab6_elektriska.elf  > "lab6_elektriska.list"
   text	   data	    bss	    dec	    hex	filename
  25076	     92	   2220	  27388	   6afc	lab6_elektriska.elf
Finished building: default.size.stdout
 
Finished building: lab6_elektriska.list
 
17:43:03 **** Incremental Build of configuration Debug for project lab6_elektriska ****
make -j12 all 
arm-none-eabi-size  lab6_elektriska.elf 
   text	   data	    bss	    dec	    hex	filename
  25076	     92	   2220	  27388	   6afc	lab6_elektriska.elf
Finished building: default.size.stdout
 
17:44:17 **** Incremental Build of configuration Debug for project lab6_elektriska ****
make -j12 all 
arm-none-eabi-gcc "../Core/Src/main.c" -mcpu=cortex-m4 -std=gnu11 -g3 -DDEBUG -DUSE_HAL_DRIVER -DSTM32L433xx -c -I../Core/Inc -I../Drivers/STM32L4xx_HAL_Driver/Inc -I../Drivers/STM32L4xx_HAL_Driver/Inc/Legacy -I../Drivers/CMSIS/Device/ST/STM32L4xx/Include -I../Drivers/CMSIS/Include -O0 -ffunction-sections -fdata-sections -Wall -fstack-usage -fcyclomatic-complexity -MMD -MP -MF"Core/Src/main.d" -MT"Core/Src/main.o" --specs=nano.specs -mfpu=fpv4-sp-d16 -mfloat-abi=hard -mthumb -o "Core/Src/main.o"
arm-none-eabi-gcc -o "lab6_elektriska.elf" @"objects.list"   -mcpu=cortex-m4 -T"C:\Users\almgr\Documents\GitHub\Enchipsdatorer_VT2025\lab6_elektriska\STM32L433RCTXP_FLASH.ld" --specs=nosys.specs -Wl,-Map="lab6_elektriska.map" -Wl,--gc-sections -static --specs=nano.specs -mfpu=fpv4-sp-d16 -mfloat-abi=hard -mthumb -Wl,--start-group -lc -lm -Wl,--end-group
Finished building target: lab6_elektriska.elf
 
arm-none-eabi-size  lab6_elektriska.elf 
arm-none-eabi-objdump -h -S lab6_elektriska.elf  > "lab6_elektriska.list"
   text	   data	    bss	    dec	    hex	filename
  25076	     92	   2220	  27388	   6afc	lab6_elektriska.elf
Finished building: default.size.stdout
 
Finished building: lab6_elektriska.list
 
17:44:32 **** Incremental Build of configuration Debug for project lab6_elektriska ****
make -j12 all 
arm-none-eabi-size  lab6_elektriska.elf 
   text	   data	    bss	    dec	    hex	filename
  25076	     92	   2220	  27388	   6afc	lab6_elektriska.elf
Finished building: default.size.stdout
 
